<?xml version="1.0" encoding="UTF-8"?>
<testsuite name="org.skillovilla.level3.EmployeeTest" tests="2" skipped="0" failures="0" errors="0" timestamp="2024-07-02T18:00:20" hostname="RX297RV65C" time="0.02">
  <properties/>
  <testcase name="testFullTimeEmployeeSalary()" classname="org.skillovilla.level3.EmployeeTest" time="0.017"/>
  <testcase name="testContractEmployeeSalary()" classname="org.skillovilla.level3.EmployeeTest" time="0.002"/>
  <system-out><![CDATA[]]></system-out>
  <system-err><![CDATA[]]></system-err>
</testsuite>
