<?xml version="1.0" encoding="UTF-8"?>
<testsuite name="org.skillovilla.level3.CourseTest" tests="3" skipped="0" failures="0" errors="0" timestamp="2024-07-01T17:04:22" hostname="RX297RV65C" time="0.021">
  <properties/>
  <testcase name="testUpdateInstructor()" classname="org.skillovilla.level3.CourseTest" time="0.013"/>
  <testcase name="testCourseGettersAndSetters()" classname="org.skillovilla.level3.CourseTest" time="0.002"/>
  <testcase name="testGetCourseDetails()" classname="org.skillovilla.level3.CourseTest" time="0.004"/>
  <system-out><![CDATA[]]></system-out>
  <system-err><![CDATA[]]></system-err>
</testsuite>
