<?xml version="1.0" encoding="UTF-8"?>
<testsuite name="section3.level4.OfficeTest" tests="6" skipped="0" failures="0" errors="0" timestamp="2024-06-23T15:55:10" hostname="RX297RV65C" time="0.018">
  <properties/>
  <testcase name="testGettersAndSetters()" classname="section3.level4.OfficeTest" time="0.013"/>
  <testcase name="testLunchProvidedField()" classname="section3.level4.OfficeTest" time="0.0"/>
  <testcase name="testLocationField()" classname="section3.level4.OfficeTest" time="0.0"/>
  <testcase name="testCapacityField()" classname="section3.level4.OfficeTest" time="0.0"/>
  <testcase name="testOfficeConstructor()" classname="section3.level4.OfficeTest" time="0.001"/>
  <testcase name="testWifiPasswordField()" classname="section3.level4.OfficeTest" time="0.0"/>
  <system-out><![CDATA[]]></system-out>
  <system-err><![CDATA[]]></system-err>
</testsuite>
