<?xml version="1.0" encoding="UTF-8"?>
<testsuite name="org.skillovilla.level2.TaskTest" tests="4" skipped="0" failures="0" errors="0" timestamp="2024-07-03T04:18:34" hostname="RX297RV65C" time="0.01">
  <properties/>
  <testcase name="testUpdatePriorityToLow()" classname="org.skillovilla.level2.TaskTest" time="0.008"/>
  <testcase name="testUpdatePriorityToCritical()" classname="org.skillovilla.level2.TaskTest" time="0.001"/>
  <testcase name="testUpdatePriorityToHigh()" classname="org.skillovilla.level2.TaskTest" time="0.001"/>
  <testcase name="testTaskInitialization()" classname="org.skillovilla.level2.TaskTest" time="0.0"/>
  <system-out><![CDATA[]]></system-out>
  <system-err><![CDATA[]]></system-err>
</testsuite>
