<?xml version="1.0" encoding="UTF-8"?>
<testsuite name="org.skillovilla.level5.ProductTest" tests="2" skipped="0" failures="0" errors="0" timestamp="2024-07-02T15:21:12" hostname="RX297RV65C" time="0.021">
  <properties/>
  <testcase name="testElectronicProduct()" classname="org.skillovilla.level5.ProductTest" time="0.017"/>
  <testcase name="testClothingProduct()" classname="org.skillovilla.level5.ProductTest" time="0.003"/>
  <system-out><![CDATA[]]></system-out>
  <system-err><![CDATA[]]></system-err>
</testsuite>
