<?xml version="1.0" encoding="UTF-8"?>
<testsuite name="org.skillovilla.genericclassesandmethods.level3.PrinterTest" tests="1" skipped="0" failures="0" errors="0" timestamp="2024-07-04T04:35:08" hostname="RX297RV65C" time="0.009">
  <properties/>
  <testcase name="testPrinterTransformation()" classname="org.skillovilla.genericclassesandmethods.level3.PrinterTest" time="0.009"/>
  <system-out><![CDATA[]]></system-out>
  <system-err><![CDATA[]]></system-err>
</testsuite>
