<?xml version="1.0" encoding="UTF-8"?>
<testsuite name="com.krimsonkourses.platform.AppIntegrationAdvanceTest" tests="6" skipped="0" failures="0" errors="0" timestamp="2024-07-14T11:03:16" hostname="RX297RV65C" time="0.027">
  <properties/>
  <testcase name="testAddStudentAndExit()" classname="com.krimsonkourses.platform.AppIntegrationAdvanceTest" time="0.017"/>
  <testcase name="testAssignCourseToStudentAndExit()" classname="com.krimsonkourses.platform.AppIntegrationAdvanceTest" time="0.002"/>
  <testcase name="testPrintStudentDetailsAndCourseDetails()" classname="com.krimsonkourses.platform.AppIntegrationAdvanceTest" time="0.001"/>
  <testcase name="testAddCourseAndExit()" classname="com.krimsonkourses.platform.AppIntegrationAdvanceTest" time="0.001"/>
  <testcase name="testAllCommands1()" classname="com.krimsonkourses.platform.AppIntegrationAdvanceTest" time="0.002"/>
  <testcase name="testAllCommands2()" classname="com.krimsonkourses.platform.AppIntegrationAdvanceTest" time="0.002"/>
  <system-out><![CDATA[]]></system-out>
  <system-err><![CDATA[]]></system-err>
</testsuite>
