<?xml version="1.0" encoding="UTF-8"?>
<testsuite name="org.skillovilla.level4.GeneralUtilsTest" tests="4" skipped="0" failures="0" errors="0" timestamp="2024-07-05T04:21:43" hostname="RX297RV65C" time="0.01">
  <properties/>
  <testcase name="testMethodsExist()" classname="org.skillovilla.level4.GeneralUtilsTest" time="0.006"/>
  <testcase name="testUpdateContainerFunctionality()" classname="org.skillovilla.level4.GeneralUtilsTest" time="0.001"/>
  <testcase name="testDisplayDataFunctionality()" classname="org.skillovilla.level4.GeneralUtilsTest" time="0.001"/>
  <testcase name="testCheckNumberFunctionality()" classname="org.skillovilla.level4.GeneralUtilsTest" time="0.001"/>
  <system-out><![CDATA[]]></system-out>
  <system-err><![CDATA[]]></system-err>
</testsuite>
