<?xml version="1.0" encoding="UTF-8"?>
<testsuite name="evaluations.level3.PracticeMethodLevelGenericTest" tests="8" skipped="0" failures="0" errors="0" timestamp="2024-07-06T07:43:50" hostname="RX297RV65C" time="0.026">
  <properties/>
  <testcase name="testPrintArrayPractice()" classname="evaluations.level3.PracticeMethodLevelGenericTest" time="0.012"/>
  <testcase name="testAddNumbersPractice()" classname="evaluations.level3.PracticeMethodLevelGenericTest" time="0.005"/>
  <testcase name="testPrintNumbersPractice()" classname="evaluations.level3.PracticeMethodLevelGenericTest" time="0.001"/>
  <testcase name="testPrintKeyValuePractice()" classname="evaluations.level3.PracticeMethodLevelGenericTest" time="0.003"/>
  <testcase name="testReturnFirstElementPractice()" classname="evaluations.level3.PracticeMethodLevelGenericTest" time="0.0"/>
  <testcase name="testPrintListPractice()" classname="evaluations.level3.PracticeMethodLevelGenericTest" time="0.001"/>
  <testcase name="testFindMaxNumberPractice()" classname="evaluations.level3.PracticeMethodLevelGenericTest" time="0.0"/>
  <testcase name="testFindMaxPractice()" classname="evaluations.level3.PracticeMethodLevelGenericTest" time="0.001"/>
  <system-out><![CDATA[1
2
3
a
b
c
1
2
3
1.1
2.2
3.3
Key: 1, Value: one
Key: key, Value: 123
1
2
3
a
b
c
]]></system-out>
  <system-err><![CDATA[]]></system-err>
</testsuite>
